<?xml version="1.0" encoding="UTF-8"?>
<testsuite xmlns:xsi="http://www.w3.org/2001/XMLSchema-instance" xsi:noNamespaceSchemaLocation="https://maven.apache.org/surefire/maven-surefire-plugin/xsd/surefire-test-report.xsd" version="3.0.2" name="com.example.ShopHandmade.ShopHandmadeApplicationTests" time="4.164" tests="1" errors="0" skipped="0" failures="0">
  <properties>
[...]
</properties>
  <testcase name="contextLoads" classname="com.example.ShopHandmade.ShopHandmadeApplicationTests" time="0.982">
    <system-out><![CDATA[22:16:09.734 [main] INFO org.springframework.test.context.support.AnnotationConfigContextLoaderUtils -- Could not detect default configuration classes for test class [com.example.ShopHandmade.ShopHandmadeApplicationTests]: ShopHandmadeApplicationTests does not declare any static, non-private, non-final, nested classes annotated with @Configuration.
22:16:09.961 [main] INFO org.springframework.boot.test.context.SpringBootTestContextBootstrapper -- Found @SpringBootConfiguration com.example.ShopHandmade.ShopHandmadeApplication for test class com.example.ShopHandmade.ShopHandmadeApplicationTests
22:16:10.209 [main] INFO org.springframework.boot.devtools.restart.RestartApplicationListener -- Restart disabled due to context in which it is running

  .   ____          _            __ _ _
 /\\ / ___'_ __ _ _(_)_ __  __ _ \ \ \ \
( ( )\___ | '_ | '_| | '_ \/ _` | \ \ \ \
 \\/  ___)| |_)| | | | | || (_| |  ) ) ) )
  '  |____| .__|_| |_|_| |_\__, | / / / /
 =========|_|==============|___/=/_/_/_/

 :: Spring Boot ::                (v3.4.4)

2025-03-30T22:16:10.661+07:00  INFO 24780 --- [           main] c.e.S.ShopHandmadeApplicationTests       : Starting ShopHandmadeApplicationTests using Java 21.0.6 with PID 24780 (started by nphv8 in C:\Users\nphv8\Documents\JAVA\ShopHandmade\ShopHandmade-User-Template)
2025-03-30T22:16:10.663+07:00  INFO 24780 --- [           main] c.e.S.ShopHandmadeApplicationTests       : No active profile set, falling back to 1 default profile: "default"
2025-03-30T22:16:12.643+07:00  INFO 24780 --- [           main] c.e.S.ShopHandmadeApplicationTests       : Started ShopHandmadeApplicationTests in 2.456 seconds (process running for 4.194)
]]></system-out>
    <system-err><![CDATA[Mockito is currently self-attaching to enable the inline-mock-maker. This will no longer work in future releases of the JDK. Please add Mockito as an agent to your build what is described in Mockito's documentation: https://javadoc.io/doc/org.mockito/mockito-core/latest/org/mockito/Mockito.html#0.3
WARNING: A Java agent has been loaded dynamically (C:\Users\nphv8\.m2\repository\net\bytebuddy\byte-buddy-agent\1.15.11\byte-buddy-agent-1.15.11.jar)
WARNING: If a serviceability tool is in use, please run with -XX:+EnableDynamicAgentLoading to hide this warning
WARNING: If a serviceability tool is not in use, please run with -Djdk.instrument.traceUsage for more information
WARNING: Dynamic loading of agents will be disallowed by default in a future release
]]></system-err>
  </testcase>
</testsuite>